<?xml version="1.0" encoding="UTF-8"?>
<!-- Generated by org.testng.reporters.JUnitXMLReporter -->
<testsuite hostname="VIVEK" ignored="0" name="Default test" tests="4" failures="0" timestamp="03 Mar 2019 07:10:53 GMT" time="0.078" errors="0">
  <testcase name="test12" time="0.015" classname="basicAnnotations.test1"/>
  <testcase name="test2" time="0.0" classname="basicAnnotations.test1"/>
  <testcase name="test12" time="0.0" classname="basicAnnotations.Module2"/>
  <testcase name="test2" time="0.0" classname="basicAnnotations.Module2"/>
</testsuite> <!-- Default test -->
