<?xml version="1.0" encoding="UTF-8"?>
<!-- Generated by org.testng.reporters.JUnitXMLReporter -->
<testsuite hostname="VIVEK" ignored="0" name="Test" tests="4" failures="0" timestamp="03 Mar 2019 07:12:21 GMT" time="0.082" errors="0">
  <testcase name="test12" time="0.0" classname="basicAnnotations.Module2"/>
  <testcase name="test2" time="0.016" classname="basicAnnotations.Module2"/>
  <testcase name="test12" time="0.017" classname="basicAnnotations.test1"/>
  <testcase name="test2" time="0.0" classname="basicAnnotations.test1"/>
</testsuite> <!-- Test -->
